<?xml version="1.0" encoding="UTF-8"?>
<robot generator="Robot 7.2.2 (Python 3.12.3 on linux)" generated="2025-02-27T10:29:31.699707" rpa="false" schemaversion="5">
<suite id="s1" name="Aprendendo Robot" source="/home/marcelo/Desenvolvimento/Aprendendo_Robot">
<suite id="s1-s1" name="Delete Serverest" source="/home/marcelo/Desenvolvimento/Aprendendo_Robot/delete_serverest.robot">
<test id="s1-s1-t1" name="Realizando Delete" line="9">
<kw name="Create Session" owner="RequestsLibrary">
<msg time="2025-02-27T10:29:31.775032" level="INFO">Creating Session using : alias=server_rest, url=https://serverest.dev, headers={},                     cookies={}, auth=None, timeout=None, proxies=None, verify=True,                     debug=0 </msg>
<arg>alias=server_rest</arg>
<arg>url=https://serverest.dev</arg>
<arg>verify=true</arg>
<doc>Create Session: create a HTTP session to a server</doc>
<status status="PASS" start="2025-02-27T10:29:31.774683" elapsed="0.000607"/>
</kw>
<kw name="DELETE On Session" owner="RequestsLibrary">
<msg time="2025-02-27T10:29:37.210809" level="INFO">DELETE Request : url=https://serverest.dev/usuarios/c8d2nsnXV2TLDFPB 
 path_url=/usuarios/c8d2nsnXV2TLDFPB 
 headers={'User-Agent': 'python-requests/2.32.3', 'Accept-Encoding': 'gzip, deflate', 'Accept': '*/*', 'Connection': 'keep-alive', 'Content-Length': '0'} 
 body=None 
 </msg>
<msg time="2025-02-27T10:29:37.211028" level="INFO">DELETE Response : url=https://serverest.dev/usuarios/c8d2nsnXV2TLDFPB 
 status=200, reason=OK 
 headers={'access-control-allow-origin': '*', 'x-dns-prefetch-control': 'off', 'x-frame-options': 'SAMEORIGIN', 'strict-transport-security': 'max-age=15552000; includeSubDomains', 'x-download-options': 'noopen', 'x-content-type-options': 'nosniff', 'x-xss-protection': '1; mode=block', 'content-type': 'application/json; charset=utf-8', 'X-Cloud-Trace-Context': 'cda292347e412cd280ca4c9f5518f1a9;o=1', 'Date': 'Thu, 27 Feb 2025 13:29:37 GMT', 'Server': 'Google Frontend', 'Content-Length': '51'} 
 body={
    "message": "Registro excluído com sucesso"
} 
 </msg>
<msg time="2025-02-27T10:29:37.211179" level="INFO">${RESPONSE} = &lt;Response [200]&gt;</msg>
<var>${RESPONSE}</var>
<arg>alias=server_rest</arg>
<arg>url=/usuarios/c8d2nsnXV2TLDFPB</arg>
<arg>expected_status=200</arg>
<doc>Sends a DELETE request on a previously created HTTP Session.</doc>
<status status="PASS" start="2025-02-27T10:29:31.775623" elapsed="5.435604"/>
</kw>
<kw name="Log To Console" owner="BuiltIn">
<arg>${RESPONSE.text}</arg>
<doc>Logs the given message to the console.</doc>
<status status="PASS" start="2025-02-27T10:29:37.211788" elapsed="0.000440"/>
</kw>
<status status="PASS" start="2025-02-27T10:29:31.773950" elapsed="5.438444"/>
</test>
<status status="PASS" start="2025-02-27T10:29:31.712930" elapsed="5.499930"/>
</suite>
<status status="PASS" start="2025-02-27T10:29:31.701745" elapsed="5.511827"/>
</suite>
<statistics>
<total>
<stat pass="1" fail="0" skip="0">All Tests</stat>
</total>
<tag>
</tag>
<suite>
<stat name="Aprendendo Robot" id="s1" pass="1" fail="0" skip="0">Aprendendo Robot</stat>
<stat name="Delete Serverest" id="s1-s1" pass="1" fail="0" skip="0">Aprendendo Robot.Delete Serverest</stat>
</suite>
</statistics>
<errors>
</errors>
</robot>
