<?xml version="1.0" encoding="UTF-8"?>
<robot generator="Robot 7.2.2 (Python 3.12.3 on linux)" generated="2025-02-26T09:49:15.157656" rpa="false" schemaversion="5">
<suite id="s1" name="Aprendendo Robot" source="/home/marcelo/Desenvolvimento/Aprendendo_Robot">
<suite id="s1-s1" name="Get Faker Api" source="/home/marcelo/Desenvolvimento/Aprendendo_Robot/get_faker_api.robot">
<test id="s1-s1-t1" name="Teste com For" line="68">
<kw name="Create Session" owner="RequestsLibrary">
<msg time="2025-02-26T09:49:15.229746" level="INFO">Creating Session using : alias=faker_api, url=https://fakerapi.it/api/v1/, headers={},                     cookies={}, auth=None, timeout=None, proxies=None, verify=True,                     debug=0 </msg>
<arg>alias=faker_api</arg>
<arg>url=https://fakerapi.it/api/v1/</arg>
<arg>verify=true</arg>
<doc>Create Session: create a HTTP session to a server</doc>
<status status="PASS" start="2025-02-26T09:49:15.229351" elapsed="0.000611"/>
</kw>
<for flavor="IN RANGE">
<iter>
<kw name="GET On Session" owner="RequestsLibrary">
<msg time="2025-02-26T09:49:21.853353" level="INFO">GET Request : url=https://fakerapi.it/api/v1/addresses?_quantity=2 
 path_url=/api/v1/addresses?_quantity=2 
 headers={'User-Agent': 'python-requests/2.32.3', 'Accept-Encoding': 'gzip, deflate', 'Accept': '*/*', 'Connection': 'keep-alive'} 
 body=None 
 </msg>
<msg time="2025-02-26T09:49:21.853852" level="INFO">GET Response : url=https://fakerapi.it/api/v1/addresses?_quantity=2 
 status=200, reason=OK 
 headers={'Server': 'nginx', 'Content-Type': 'application/json', 'Transfer-Encoding': 'chunked', 'Connection': 'keep-alive', 'Vary': 'Accept-Encoding', 'X-Powered-By': 'PHP/8.3.8', 'Cache-Control': 'no-cache, private', 'Date': 'Wed, 26 Feb 2025 12:49:21 GMT', 'X-RateLimit-Limit': '60', 'X-RateLimit-Remaining': '59', 'Access-Control-Allow-Origin': '*', 'X-UA-Compatible': 'IE=Edge,chrome=1', 'Content-Encoding': 'gzip'} 
 body={"status":"OK","code":200,"locale":"en_US","seed":null,"total":2,"data":[{"id":1,"street":"3487 Boyer Parks","streetName":"Kylie Knolls","buildingNumber":"806","city":"Jamalchester","zipcode":"68424-5809","country":"Norfolk Island","country_code":"NF","latitude":23.51186,"longitude":41.505253},{"id":2,"street":"8173 Julius Green","streetName":"Shannon Village","buildingNumber":"422","city":"Karinemouth","zipcode":"52370","country":"Belarus","country_code":"BY","latitude":-31.31604,"longitude":-64.518478}]} 
 </msg>
<msg time="2025-02-26T09:49:21.854227" level="INFO">${RESPONSE} = &lt;Response [200]&gt;</msg>
<var>${RESPONSE}</var>
<arg>alias=faker_api</arg>
<arg>url=addresses?_quantity=2</arg>
<doc>Sends a GET request on a previously created HTTP Session.</doc>
<status status="PASS" start="2025-02-26T09:49:15.230689" elapsed="6.623694"/>
</kw>
<kw name="Log To Console" owner="BuiltIn">
<arg>${RESPONSE.json()['data'][0]['country']}</arg>
<doc>Logs the given message to the console.</doc>
<status status="PASS" start="2025-02-26T09:49:21.854799" elapsed="0.001501"/>
</kw>
<kw name="Set Variable" owner="BuiltIn">
<msg time="2025-02-26T09:49:21.858019" level="INFO">${var} = Norfolk Island</msg>
<var>${var}</var>
<arg>${RESPONSE.json()['data'][0]['country']}</arg>
<doc>Returns the given values which can then be assigned to a variables.</doc>
<status status="PASS" start="2025-02-26T09:49:21.856612" elapsed="0.001895"/>
</kw>
<kw name="Exit For Loop If" owner="BuiltIn">
<arg>'${var}'=='Brazil'</arg>
<doc>Stops executing the enclosing FOR loop if the ``condition`` is true.</doc>
<status status="PASS" start="2025-02-26T09:49:21.858912" elapsed="0.000886"/>
</kw>
<kw name="Exit For Loop If" owner="BuiltIn">
<arg>'${var}'=='Luxembourg'</arg>
<doc>Stops executing the enclosing FOR loop if the ``condition`` is true.</doc>
<status status="PASS" start="2025-02-26T09:49:21.860092" elapsed="0.000644"/>
</kw>
<kw name="Exit For Loop If" owner="BuiltIn">
<arg>'${var}'=='Ethiopia'</arg>
<doc>Stops executing the enclosing FOR loop if the ``condition`` is true.</doc>
<status status="PASS" start="2025-02-26T09:49:21.860997" elapsed="0.000558"/>
</kw>
<kw name="Exit For Loop If" owner="BuiltIn">
<arg>'${var}'=='Singapore'</arg>
<doc>Stops executing the enclosing FOR loop if the ``condition`` is true.</doc>
<status status="PASS" start="2025-02-26T09:49:21.861806" elapsed="0.000743"/>
</kw>
<kw name="Exit For Loop If" owner="BuiltIn">
<arg>'${var}'=='Fiji'</arg>
<doc>Stops executing the enclosing FOR loop if the ``condition`` is true.</doc>
<status status="PASS" start="2025-02-26T09:49:21.862798" elapsed="0.000500"/>
</kw>
<kw name="Exit For Loop If" owner="BuiltIn">
<arg>'${var}'=='American Samoa'</arg>
<doc>Stops executing the enclosing FOR loop if the ``condition`` is true.</doc>
<status status="PASS" start="2025-02-26T09:49:21.863539" elapsed="0.000477"/>
</kw>
<kw name="Exit For Loop If" owner="BuiltIn">
<arg>'${var}'=='Malawi'</arg>
<doc>Stops executing the enclosing FOR loop if the ``condition`` is true.</doc>
<status status="PASS" start="2025-02-26T09:49:21.864238" elapsed="0.000473"/>
</kw>
<kw name="Exit For Loop If" owner="BuiltIn">
<arg>'${var}'=='Cape Verde'</arg>
<doc>Stops executing the enclosing FOR loop if the ``condition`` is true.</doc>
<status status="PASS" start="2025-02-26T09:49:21.864940" elapsed="0.000433"/>
</kw>
<kw name="Exit For Loop If" owner="BuiltIn">
<arg>'${var}'=='Congo'</arg>
<doc>Stops executing the enclosing FOR loop if the ``condition`` is true.</doc>
<status status="PASS" start="2025-02-26T09:49:21.865617" elapsed="0.000416"/>
</kw>
<kw name="Exit For Loop If" owner="BuiltIn">
<arg>'${var}'=='Palau'</arg>
<doc>Stops executing the enclosing FOR loop if the ``condition`` is true.</doc>
<status status="PASS" start="2025-02-26T09:49:21.866230" elapsed="0.000716"/>
</kw>
<kw name="Exit For Loop If" owner="BuiltIn">
<arg>'${var}'=='Unite States Minor Outlying Islands'</arg>
<doc>Stops executing the enclosing FOR loop if the ``condition`` is true.</doc>
<status status="PASS" start="2025-02-26T09:49:21.867201" elapsed="0.000490"/>
</kw>
<kw name="Exit For Loop If" owner="BuiltIn">
<arg>'${var}'=='Cameroon'</arg>
<doc>Stops executing the enclosing FOR loop if the ``condition`` is true.</doc>
<status status="PASS" start="2025-02-26T09:49:21.867901" elapsed="0.000167"/>
</kw>
<kw name="Exit For Loop If" owner="BuiltIn">
<arg>'${var}'=='Estonia'</arg>
<doc>Stops executing the enclosing FOR loop if the ``condition`` is true.</doc>
<status status="PASS" start="2025-02-26T09:49:21.868140" elapsed="0.000221"/>
</kw>
<kw name="Exit For Loop If" owner="BuiltIn">
<arg>'${var}'=='Tunisia'</arg>
<doc>Stops executing the enclosing FOR loop if the ``condition`` is true.</doc>
<status status="PASS" start="2025-02-26T09:49:21.868431" elapsed="0.000144"/>
</kw>
<kw name="Sleep" owner="BuiltIn">
<msg time="2025-02-26T09:49:23.869001" level="INFO">Slept 2 seconds.</msg>
<arg>2s</arg>
<doc>Pauses the test executed for the given time.</doc>
<status status="PASS" start="2025-02-26T09:49:21.868639" elapsed="2.000837"/>
</kw>
<var name="${i}">0</var>
<status status="PASS" start="2025-02-26T09:49:15.230521" elapsed="8.639213"/>
</iter>
<iter>
<kw name="GET On Session" owner="RequestsLibrary">
<msg time="2025-02-26T09:49:25.027302" level="INFO">GET Request : url=https://fakerapi.it/api/v1/addresses?_quantity=2 
 path_url=/api/v1/addresses?_quantity=2 
 headers={'User-Agent': 'python-requests/2.32.3', 'Accept-Encoding': 'gzip, deflate', 'Accept': '*/*', 'Connection': 'keep-alive'} 
 body=None 
 </msg>
<msg time="2025-02-26T09:49:25.027471" level="INFO">GET Response : url=https://fakerapi.it/api/v1/addresses?_quantity=2 
 status=200, reason=OK 
 headers={'Server': 'nginx', 'Content-Type': 'application/json', 'Transfer-Encoding': 'chunked', 'Connection': 'keep-alive', 'Vary': 'Accept-Encoding', 'X-Powered-By': 'PHP/8.3.8', 'Cache-Control': 'no-cache, private', 'Date': 'Wed, 26 Feb 2025 12:49:24 GMT', 'X-RateLimit-Limit': '60', 'X-RateLimit-Remaining': '58', 'Access-Control-Allow-Origin': '*', 'X-UA-Compatible': 'IE=Edge,chrome=1', 'Content-Encoding': 'gzip'} 
 body={"status":"OK","code":200,"locale":"en_US","seed":null,"total":2,"data":[{"id":1,"street":"7016 Koelpin Key Suite 521","streetName":"Howell Fall","buildingNumber":"131","city":"Cruickshankstad","zipcode":"31158","country":"Puerto Rico","country_code":"PR","latitude":62.696403,"longitude":-110.034911},{"id":2,"street":"2917 Hartmann Haven Apt. 660","streetName":"Brakus Crest","buildingNumber":"21595","city":"Lake Anastacio","zipcode":"39075","country":"Denmark","country_code":"DK","latitude":88.824121,"longitude":-92.891548}]} 
 </msg>
<msg time="2025-02-26T09:49:25.027683" level="INFO">${RESPONSE} = &lt;Response [200]&gt;</msg>
<var>${RESPONSE}</var>
<arg>alias=faker_api</arg>
<arg>url=addresses?_quantity=2</arg>
<doc>Sends a GET request on a previously created HTTP Session.</doc>
<status status="PASS" start="2025-02-26T09:49:23.870832" elapsed="1.156909"/>
</kw>
<kw name="Log To Console" owner="BuiltIn">
<arg>${RESPONSE.json()['data'][0]['country']}</arg>
<doc>Logs the given message to the console.</doc>
<status status="PASS" start="2025-02-26T09:49:25.027933" elapsed="0.000725"/>
</kw>
<kw name="Set Variable" owner="BuiltIn">
<msg time="2025-02-26T09:49:25.029122" level="INFO">${var} = Puerto Rico</msg>
<var>${var}</var>
<arg>${RESPONSE.json()['data'][0]['country']}</arg>
<doc>Returns the given values which can then be assigned to a variables.</doc>
<status status="PASS" start="2025-02-26T09:49:25.028788" elapsed="0.000397"/>
</kw>
<kw name="Exit For Loop If" owner="BuiltIn">
<arg>'${var}'=='Brazil'</arg>
<doc>Stops executing the enclosing FOR loop if the ``condition`` is true.</doc>
<status status="PASS" start="2025-02-26T09:49:25.029286" elapsed="0.000258"/>
</kw>
<kw name="Exit For Loop If" owner="BuiltIn">
<arg>'${var}'=='Luxembourg'</arg>
<doc>Stops executing the enclosing FOR loop if the ``condition`` is true.</doc>
<status status="PASS" start="2025-02-26T09:49:25.029633" elapsed="0.000231"/>
</kw>
<kw name="Exit For Loop If" owner="BuiltIn">
<arg>'${var}'=='Ethiopia'</arg>
<doc>Stops executing the enclosing FOR loop if the ``condition`` is true.</doc>
<status status="PASS" start="2025-02-26T09:49:25.029942" elapsed="0.000193"/>
</kw>
<kw name="Exit For Loop If" owner="BuiltIn">
<arg>'${var}'=='Singapore'</arg>
<doc>Stops executing the enclosing FOR loop if the ``condition`` is true.</doc>
<status status="PASS" start="2025-02-26T09:49:25.030217" elapsed="0.000159"/>
</kw>
<kw name="Exit For Loop If" owner="BuiltIn">
<arg>'${var}'=='Fiji'</arg>
<doc>Stops executing the enclosing FOR loop if the ``condition`` is true.</doc>
<status status="PASS" start="2025-02-26T09:49:25.030450" elapsed="0.000156"/>
</kw>
<kw name="Exit For Loop If" owner="BuiltIn">
<arg>'${var}'=='American Samoa'</arg>
<doc>Stops executing the enclosing FOR loop if the ``condition`` is true.</doc>
<status status="PASS" start="2025-02-26T09:49:25.030681" elapsed="0.000157"/>
</kw>
<kw name="Exit For Loop If" owner="BuiltIn">
<arg>'${var}'=='Malawi'</arg>
<doc>Stops executing the enclosing FOR loop if the ``condition`` is true.</doc>
<status status="PASS" start="2025-02-26T09:49:25.030906" elapsed="0.000137"/>
</kw>
<kw name="Exit For Loop If" owner="BuiltIn">
<arg>'${var}'=='Cape Verde'</arg>
<doc>Stops executing the enclosing FOR loop if the ``condition`` is true.</doc>
<status status="PASS" start="2025-02-26T09:49:25.031108" elapsed="0.000130"/>
</kw>
<kw name="Exit For Loop If" owner="BuiltIn">
<arg>'${var}'=='Congo'</arg>
<doc>Stops executing the enclosing FOR loop if the ``condition`` is true.</doc>
<status status="PASS" start="2025-02-26T09:49:25.031301" elapsed="0.000128"/>
</kw>
<kw name="Exit For Loop If" owner="BuiltIn">
<arg>'${var}'=='Palau'</arg>
<doc>Stops executing the enclosing FOR loop if the ``condition`` is true.</doc>
<status status="PASS" start="2025-02-26T09:49:25.031491" elapsed="0.000140"/>
</kw>
<kw name="Exit For Loop If" owner="BuiltIn">
<arg>'${var}'=='Unite States Minor Outlying Islands'</arg>
<doc>Stops executing the enclosing FOR loop if the ``condition`` is true.</doc>
<status status="PASS" start="2025-02-26T09:49:25.031702" elapsed="0.000136"/>
</kw>
<kw name="Exit For Loop If" owner="BuiltIn">
<arg>'${var}'=='Cameroon'</arg>
<doc>Stops executing the enclosing FOR loop if the ``condition`` is true.</doc>
<status status="PASS" start="2025-02-26T09:49:25.031904" elapsed="0.000132"/>
</kw>
<kw name="Exit For Loop If" owner="BuiltIn">
<arg>'${var}'=='Estonia'</arg>
<doc>Stops executing the enclosing FOR loop if the ``condition`` is true.</doc>
<status status="PASS" start="2025-02-26T09:49:25.032097" elapsed="0.000126"/>
</kw>
<kw name="Exit For Loop If" owner="BuiltIn">
<arg>'${var}'=='Tunisia'</arg>
<doc>Stops executing the enclosing FOR loop if the ``condition`` is true.</doc>
<status status="PASS" start="2025-02-26T09:49:25.032283" elapsed="0.000123"/>
</kw>
<kw name="Sleep" owner="BuiltIn">
<msg time="2025-02-26T09:49:27.032759" level="INFO">Slept 2 seconds.</msg>
<arg>2s</arg>
<doc>Pauses the test executed for the given time.</doc>
<status status="PASS" start="2025-02-26T09:49:25.032467" elapsed="2.000674"/>
</kw>
<var name="${i}">1</var>
<status status="PASS" start="2025-02-26T09:49:23.870227" elapsed="3.163110"/>
</iter>
<iter>
<kw name="GET On Session" owner="RequestsLibrary">
<msg time="2025-02-26T09:49:27.997124" level="INFO">GET Request : url=https://fakerapi.it/api/v1/addresses?_quantity=2 
 path_url=/api/v1/addresses?_quantity=2 
 headers={'User-Agent': 'python-requests/2.32.3', 'Accept-Encoding': 'gzip, deflate', 'Accept': '*/*', 'Connection': 'keep-alive'} 
 body=None 
 </msg>
<msg time="2025-02-26T09:49:27.997559" level="INFO">GET Response : url=https://fakerapi.it/api/v1/addresses?_quantity=2 
 status=200, reason=OK 
 headers={'Server': 'nginx', 'Content-Type': 'application/json', 'Transfer-Encoding': 'chunked', 'Connection': 'keep-alive', 'Vary': 'Accept-Encoding', 'X-Powered-By': 'PHP/8.3.8', 'Cache-Control': 'no-cache, private', 'Date': 'Wed, 26 Feb 2025 12:49:27 GMT', 'X-RateLimit-Limit': '60', 'X-RateLimit-Remaining': '57', 'Access-Control-Allow-Origin': '*', 'X-UA-Compatible': 'IE=Edge,chrome=1', 'Content-Encoding': 'gzip'} 
 body={"status":"OK","code":200,"locale":"en_US","seed":null,"total":2,"data":[{"id":1,"street":"7152 Parker Islands","streetName":"Torphy Centers","buildingNumber":"4035","city":"South Tomberg","zipcode":"39010-7802","country":"Poland","country_code":"PL","latitude":-38.970197,"longitude":-95.681087},{"id":2,"street":"345 Orn Corner Suite 703","streetName":"Auer Ridges","buildingNumber":"9098","city":"West Courtneyborough","zipcode":"66561-4097","country":"Belize","country_code":"BZ","latitude":12.332032,"longitude":15.878682}]} 
 </msg>
<msg time="2025-02-26T09:49:27.997923" level="INFO">${RESPONSE} = &lt;Response [200]&gt;</msg>
<var>${RESPONSE}</var>
<arg>alias=faker_api</arg>
<arg>url=addresses?_quantity=2</arg>
<doc>Sends a GET request on a previously created HTTP Session.</doc>
<status status="PASS" start="2025-02-26T09:49:27.034103" elapsed="0.963980"/>
</kw>
<kw name="Log To Console" owner="BuiltIn">
<arg>${RESPONSE.json()['data'][0]['country']}</arg>
<doc>Logs the given message to the console.</doc>
<status status="PASS" start="2025-02-26T09:49:27.998471" elapsed="0.001368"/>
</kw>
<kw name="Set Variable" owner="BuiltIn">
<msg time="2025-02-26T09:49:28.001978" level="INFO">${var} = Poland</msg>
<var>${var}</var>
<arg>${RESPONSE.json()['data'][0]['country']}</arg>
<doc>Returns the given values which can then be assigned to a variables.</doc>
<status status="PASS" start="2025-02-26T09:49:28.000228" elapsed="0.002000"/>
</kw>
<kw name="Exit For Loop If" owner="BuiltIn">
<arg>'${var}'=='Brazil'</arg>
<doc>Stops executing the enclosing FOR loop if the ``condition`` is true.</doc>
<status status="PASS" start="2025-02-26T09:49:28.002658" elapsed="0.000849"/>
</kw>
<kw name="Exit For Loop If" owner="BuiltIn">
<arg>'${var}'=='Luxembourg'</arg>
<doc>Stops executing the enclosing FOR loop if the ``condition`` is true.</doc>
<status status="PASS" start="2025-02-26T09:49:28.004456" elapsed="0.000623"/>
</kw>
<kw name="Exit For Loop If" owner="BuiltIn">
<arg>'${var}'=='Ethiopia'</arg>
<doc>Stops executing the enclosing FOR loop if the ``condition`` is true.</doc>
<status status="PASS" start="2025-02-26T09:49:28.005419" elapsed="0.000810"/>
</kw>
<kw name="Exit For Loop If" owner="BuiltIn">
<arg>'${var}'=='Singapore'</arg>
<doc>Stops executing the enclosing FOR loop if the ``condition`` is true.</doc>
<status status="PASS" start="2025-02-26T09:49:28.006664" elapsed="0.000704"/>
</kw>
<kw name="Exit For Loop If" owner="BuiltIn">
<arg>'${var}'=='Fiji'</arg>
<doc>Stops executing the enclosing FOR loop if the ``condition`` is true.</doc>
<status status="PASS" start="2025-02-26T09:49:28.007650" elapsed="0.000478"/>
</kw>
<kw name="Exit For Loop If" owner="BuiltIn">
<arg>'${var}'=='American Samoa'</arg>
<doc>Stops executing the enclosing FOR loop if the ``condition`` is true.</doc>
<status status="PASS" start="2025-02-26T09:49:28.008393" elapsed="0.000730"/>
</kw>
<kw name="Exit For Loop If" owner="BuiltIn">
<arg>'${var}'=='Malawi'</arg>
<doc>Stops executing the enclosing FOR loop if the ``condition`` is true.</doc>
<status status="PASS" start="2025-02-26T09:49:28.009498" elapsed="0.000771"/>
</kw>
<kw name="Exit For Loop If" owner="BuiltIn">
<arg>'${var}'=='Cape Verde'</arg>
<doc>Stops executing the enclosing FOR loop if the ``condition`` is true.</doc>
<status status="PASS" start="2025-02-26T09:49:28.010699" elapsed="0.000563"/>
</kw>
<kw name="Exit For Loop If" owner="BuiltIn">
<arg>'${var}'=='Congo'</arg>
<doc>Stops executing the enclosing FOR loop if the ``condition`` is true.</doc>
<status status="PASS" start="2025-02-26T09:49:28.011528" elapsed="0.000520"/>
</kw>
<kw name="Exit For Loop If" owner="BuiltIn">
<arg>'${var}'=='Palau'</arg>
<doc>Stops executing the enclosing FOR loop if the ``condition`` is true.</doc>
<status status="PASS" start="2025-02-26T09:49:28.012282" elapsed="0.000559"/>
</kw>
<kw name="Exit For Loop If" owner="BuiltIn">
<arg>'${var}'=='Unite States Minor Outlying Islands'</arg>
<doc>Stops executing the enclosing FOR loop if the ``condition`` is true.</doc>
<status status="PASS" start="2025-02-26T09:49:28.013135" elapsed="0.002397"/>
</kw>
<kw name="Exit For Loop If" owner="BuiltIn">
<arg>'${var}'=='Cameroon'</arg>
<doc>Stops executing the enclosing FOR loop if the ``condition`` is true.</doc>
<status status="PASS" start="2025-02-26T09:49:28.015779" elapsed="0.000427"/>
</kw>
<kw name="Exit For Loop If" owner="BuiltIn">
<arg>'${var}'=='Estonia'</arg>
<doc>Stops executing the enclosing FOR loop if the ``condition`` is true.</doc>
<status status="PASS" start="2025-02-26T09:49:28.016396" elapsed="0.000323"/>
</kw>
<kw name="Exit For Loop If" owner="BuiltIn">
<arg>'${var}'=='Tunisia'</arg>
<doc>Stops executing the enclosing FOR loop if the ``condition`` is true.</doc>
<status status="PASS" start="2025-02-26T09:49:28.016846" elapsed="0.000247"/>
</kw>
<kw name="Sleep" owner="BuiltIn">
<msg time="2025-02-26T09:49:30.017471" level="INFO">Slept 2 seconds.</msg>
<arg>2s</arg>
<doc>Pauses the test executed for the given time.</doc>
<status status="PASS" start="2025-02-26T09:49:28.017174" elapsed="2.000773"/>
</kw>
<var name="${i}">2</var>
<status status="PASS" start="2025-02-26T09:49:27.033771" elapsed="2.984423"/>
</iter>
<iter>
<kw name="GET On Session" owner="RequestsLibrary">
<msg time="2025-02-26T09:49:30.966332" level="INFO">GET Request : url=https://fakerapi.it/api/v1/addresses?_quantity=2 
 path_url=/api/v1/addresses?_quantity=2 
 headers={'User-Agent': 'python-requests/2.32.3', 'Accept-Encoding': 'gzip, deflate', 'Accept': '*/*', 'Connection': 'keep-alive'} 
 body=None 
 </msg>
<msg time="2025-02-26T09:49:30.966720" level="INFO">GET Response : url=https://fakerapi.it/api/v1/addresses?_quantity=2 
 status=200, reason=OK 
 headers={'Server': 'nginx', 'Content-Type': 'application/json', 'Transfer-Encoding': 'chunked', 'Connection': 'keep-alive', 'Vary': 'Accept-Encoding', 'X-Powered-By': 'PHP/8.3.8', 'Cache-Control': 'no-cache, private', 'Date': 'Wed, 26 Feb 2025 12:49:30 GMT', 'X-RateLimit-Limit': '60', 'X-RateLimit-Remaining': '56', 'Access-Control-Allow-Origin': '*', 'X-UA-Compatible': 'IE=Edge,chrome=1', 'Content-Encoding': 'gzip'} 
 body={"status":"OK","code":200,"locale":"en_US","seed":null,"total":2,"data":[{"id":1,"street":"7707 Swift Tunnel","streetName":"Raheem Ridges","buildingNumber":"760","city":"North Myrnaborough","zipcode":"52458-1213","country":"Senegal","country_code":"SN","latitude":9.1545,"longitude":55.760723},{"id":2,"street":"301 Dooley Mills Suite 139","streetName":"Margret Crest","buildingNumber":"68156","city":"Swiftstad","zipcode":"07958","country":"Greenland","country_code":"GL","latitude":82.68084,"longitude":105.837181}]} 
 </msg>
<msg time="2025-02-26T09:49:30.967058" level="INFO">${RESPONSE} = &lt;Response [200]&gt;</msg>
<var>${RESPONSE}</var>
<arg>alias=faker_api</arg>
<arg>url=addresses?_quantity=2</arg>
<doc>Sends a GET request on a previously created HTTP Session.</doc>
<status status="PASS" start="2025-02-26T09:49:30.019054" elapsed="0.948140"/>
</kw>
<kw name="Log To Console" owner="BuiltIn">
<arg>${RESPONSE.json()['data'][0]['country']}</arg>
<doc>Logs the given message to the console.</doc>
<status status="PASS" start="2025-02-26T09:49:30.967580" elapsed="0.001221"/>
</kw>
<kw name="Set Variable" owner="BuiltIn">
<msg time="2025-02-26T09:49:30.970221" level="INFO">${var} = Senegal</msg>
<var>${var}</var>
<arg>${RESPONSE.json()['data'][0]['country']}</arg>
<doc>Returns the given values which can then be assigned to a variables.</doc>
<status status="PASS" start="2025-02-26T09:49:30.969104" elapsed="0.001337"/>
</kw>
<kw name="Exit For Loop If" owner="BuiltIn">
<arg>'${var}'=='Brazil'</arg>
<doc>Stops executing the enclosing FOR loop if the ``condition`` is true.</doc>
<status status="PASS" start="2025-02-26T09:49:30.970850" elapsed="0.000787"/>
</kw>
<kw name="Exit For Loop If" owner="BuiltIn">
<arg>'${var}'=='Luxembourg'</arg>
<doc>Stops executing the enclosing FOR loop if the ``condition`` is true.</doc>
<status status="PASS" start="2025-02-26T09:49:30.971962" elapsed="0.000546"/>
</kw>
<kw name="Exit For Loop If" owner="BuiltIn">
<arg>'${var}'=='Ethiopia'</arg>
<doc>Stops executing the enclosing FOR loop if the ``condition`` is true.</doc>
<status status="PASS" start="2025-02-26T09:49:30.972791" elapsed="0.000531"/>
</kw>
<kw name="Exit For Loop If" owner="BuiltIn">
<arg>'${var}'=='Singapore'</arg>
<doc>Stops executing the enclosing FOR loop if the ``condition`` is true.</doc>
<status status="PASS" start="2025-02-26T09:49:30.973573" elapsed="0.000534"/>
</kw>
<kw name="Exit For Loop If" owner="BuiltIn">
<arg>'${var}'=='Fiji'</arg>
<doc>Stops executing the enclosing FOR loop if the ``condition`` is true.</doc>
<status status="PASS" start="2025-02-26T09:49:30.974360" elapsed="0.000599"/>
</kw>
<kw name="Exit For Loop If" owner="BuiltIn">
<arg>'${var}'=='American Samoa'</arg>
<doc>Stops executing the enclosing FOR loop if the ``condition`` is true.</doc>
<status status="PASS" start="2025-02-26T09:49:30.975146" elapsed="0.000352"/>
</kw>
<kw name="Exit For Loop If" owner="BuiltIn">
<arg>'${var}'=='Malawi'</arg>
<doc>Stops executing the enclosing FOR loop if the ``condition`` is true.</doc>
<status status="PASS" start="2025-02-26T09:49:30.975679" elapsed="0.000339"/>
</kw>
<kw name="Exit For Loop If" owner="BuiltIn">
<arg>'${var}'=='Cape Verde'</arg>
<doc>Stops executing the enclosing FOR loop if the ``condition`` is true.</doc>
<status status="PASS" start="2025-02-26T09:49:30.976181" elapsed="0.000350"/>
</kw>
<kw name="Exit For Loop If" owner="BuiltIn">
<arg>'${var}'=='Congo'</arg>
<doc>Stops executing the enclosing FOR loop if the ``condition`` is true.</doc>
<status status="PASS" start="2025-02-26T09:49:30.976714" elapsed="0.000466"/>
</kw>
<kw name="Exit For Loop If" owner="BuiltIn">
<arg>'${var}'=='Palau'</arg>
<doc>Stops executing the enclosing FOR loop if the ``condition`` is true.</doc>
<status status="PASS" start="2025-02-26T09:49:30.977947" elapsed="0.000823"/>
</kw>
<kw name="Exit For Loop If" owner="BuiltIn">
<arg>'${var}'=='Unite States Minor Outlying Islands'</arg>
<doc>Stops executing the enclosing FOR loop if the ``condition`` is true.</doc>
<status status="PASS" start="2025-02-26T09:49:30.979027" elapsed="0.000440"/>
</kw>
<kw name="Exit For Loop If" owner="BuiltIn">
<arg>'${var}'=='Cameroon'</arg>
<doc>Stops executing the enclosing FOR loop if the ``condition`` is true.</doc>
<status status="PASS" start="2025-02-26T09:49:30.979594" elapsed="0.000232"/>
</kw>
<kw name="Exit For Loop If" owner="BuiltIn">
<arg>'${var}'=='Estonia'</arg>
<doc>Stops executing the enclosing FOR loop if the ``condition`` is true.</doc>
<status status="PASS" start="2025-02-26T09:49:30.979941" elapsed="0.000215"/>
</kw>
<kw name="Exit For Loop If" owner="BuiltIn">
<arg>'${var}'=='Tunisia'</arg>
<doc>Stops executing the enclosing FOR loop if the ``condition`` is true.</doc>
<status status="PASS" start="2025-02-26T09:49:30.980265" elapsed="0.000207"/>
</kw>
<kw name="Sleep" owner="BuiltIn">
<msg time="2025-02-26T09:49:32.980924" level="INFO">Slept 2 seconds.</msg>
<arg>2s</arg>
<doc>Pauses the test executed for the given time.</doc>
<status status="PASS" start="2025-02-26T09:49:30.980581" elapsed="2.000795"/>
</kw>
<var name="${i}">3</var>
<status status="PASS" start="2025-02-26T09:49:30.018690" elapsed="2.962953"/>
</iter>
<iter>
<kw name="GET On Session" owner="RequestsLibrary">
<msg time="2025-02-26T09:49:34.141273" level="INFO">GET Request : url=https://fakerapi.it/api/v1/addresses?_quantity=2 
 path_url=/api/v1/addresses?_quantity=2 
 headers={'User-Agent': 'python-requests/2.32.3', 'Accept-Encoding': 'gzip, deflate', 'Accept': '*/*', 'Connection': 'keep-alive'} 
 body=None 
 </msg>
<msg time="2025-02-26T09:49:34.141714" level="INFO">GET Response : url=https://fakerapi.it/api/v1/addresses?_quantity=2 
 status=200, reason=OK 
 headers={'Server': 'nginx', 'Content-Type': 'application/json', 'Transfer-Encoding': 'chunked', 'Connection': 'keep-alive', 'Vary': 'Accept-Encoding', 'X-Powered-By': 'PHP/8.3.8', 'Cache-Control': 'no-cache, private', 'Date': 'Wed, 26 Feb 2025 12:49:33 GMT', 'X-RateLimit-Limit': '60', 'X-RateLimit-Remaining': '55', 'Access-Control-Allow-Origin': '*', 'X-UA-Compatible': 'IE=Edge,chrome=1', 'Content-Encoding': 'gzip'} 
 body={"status":"OK","code":200,"locale":"en_US","seed":null,"total":2,"data":[{"id":1,"street":"45743 Halie Alley Apt. 905","streetName":"Blick Drive","buildingNumber":"209","city":"Beerton","zipcode":"33060","country":"Nepal","country_code":"NP","latitude":10.011144,"longitude":107.303526},{"id":2,"street":"27837 Cullen Common Apt. 538","streetName":"Willa Drives","buildingNumber":"1842","city":"East Greggfort","zipcode":"22902-2456","country":"Antarctica","country_code":"AQ","latitude":-67.041042,"longitude":-32.795664}]} 
 </msg>
<msg time="2025-02-26T09:49:34.142101" level="INFO">${RESPONSE} = &lt;Response [200]&gt;</msg>
<var>${RESPONSE}</var>
<arg>alias=faker_api</arg>
<arg>url=addresses?_quantity=2</arg>
<doc>Sends a GET request on a previously created HTTP Session.</doc>
<status status="PASS" start="2025-02-26T09:49:32.982397" elapsed="1.159867"/>
</kw>
<kw name="Log To Console" owner="BuiltIn">
<arg>${RESPONSE.json()['data'][0]['country']}</arg>
<doc>Logs the given message to the console.</doc>
<status status="PASS" start="2025-02-26T09:49:34.142686" elapsed="0.001727"/>
</kw>
<kw name="Set Variable" owner="BuiltIn">
<msg time="2025-02-26T09:49:34.145965" level="INFO">${var} = Nepal</msg>
<var>${var}</var>
<arg>${RESPONSE.json()['data'][0]['country']}</arg>
<doc>Returns the given values which can then be assigned to a variables.</doc>
<status status="PASS" start="2025-02-26T09:49:34.144830" elapsed="0.001370"/>
</kw>
<kw name="Exit For Loop If" owner="BuiltIn">
<arg>'${var}'=='Brazil'</arg>
<doc>Stops executing the enclosing FOR loop if the ``condition`` is true.</doc>
<status status="PASS" start="2025-02-26T09:49:34.146500" elapsed="0.000623"/>
</kw>
<kw name="Exit For Loop If" owner="BuiltIn">
<arg>'${var}'=='Luxembourg'</arg>
<doc>Stops executing the enclosing FOR loop if the ``condition`` is true.</doc>
<status status="PASS" start="2025-02-26T09:49:34.147390" elapsed="0.000577"/>
</kw>
<kw name="Exit For Loop If" owner="BuiltIn">
<arg>'${var}'=='Ethiopia'</arg>
<doc>Stops executing the enclosing FOR loop if the ``condition`` is true.</doc>
<status status="PASS" start="2025-02-26T09:49:34.148219" elapsed="0.000519"/>
</kw>
<kw name="Exit For Loop If" owner="BuiltIn">
<arg>'${var}'=='Singapore'</arg>
<doc>Stops executing the enclosing FOR loop if the ``condition`` is true.</doc>
<status status="PASS" start="2025-02-26T09:49:34.148959" elapsed="0.000449"/>
</kw>
<kw name="Exit For Loop If" owner="BuiltIn">
<arg>'${var}'=='Fiji'</arg>
<doc>Stops executing the enclosing FOR loop if the ``condition`` is true.</doc>
<status status="PASS" start="2025-02-26T09:49:34.149676" elapsed="0.000892"/>
</kw>
<kw name="Exit For Loop If" owner="BuiltIn">
<arg>'${var}'=='American Samoa'</arg>
<doc>Stops executing the enclosing FOR loop if the ``condition`` is true.</doc>
<status status="PASS" start="2025-02-26T09:49:34.150850" elapsed="0.000615"/>
</kw>
<kw name="Exit For Loop If" owner="BuiltIn">
<arg>'${var}'=='Malawi'</arg>
<doc>Stops executing the enclosing FOR loop if the ``condition`` is true.</doc>
<status status="PASS" start="2025-02-26T09:49:34.151759" elapsed="0.000515"/>
</kw>
<kw name="Exit For Loop If" owner="BuiltIn">
<arg>'${var}'=='Cape Verde'</arg>
<doc>Stops executing the enclosing FOR loop if the ``condition`` is true.</doc>
<status status="PASS" start="2025-02-26T09:49:34.152499" elapsed="0.000825"/>
</kw>
<kw name="Exit For Loop If" owner="BuiltIn">
<arg>'${var}'=='Congo'</arg>
<doc>Stops executing the enclosing FOR loop if the ``condition`` is true.</doc>
<status status="PASS" start="2025-02-26T09:49:34.153579" elapsed="0.000479"/>
</kw>
<kw name="Exit For Loop If" owner="BuiltIn">
<arg>'${var}'=='Palau'</arg>
<doc>Stops executing the enclosing FOR loop if the ``condition`` is true.</doc>
<status status="PASS" start="2025-02-26T09:49:34.154278" elapsed="0.000474"/>
</kw>
<kw name="Exit For Loop If" owner="BuiltIn">
<arg>'${var}'=='Unite States Minor Outlying Islands'</arg>
<doc>Stops executing the enclosing FOR loop if the ``condition`` is true.</doc>
<status status="PASS" start="2025-02-26T09:49:34.154958" elapsed="0.000433"/>
</kw>
<kw name="Exit For Loop If" owner="BuiltIn">
<arg>'${var}'=='Cameroon'</arg>
<doc>Stops executing the enclosing FOR loop if the ``condition`` is true.</doc>
<status status="PASS" start="2025-02-26T09:49:34.155610" elapsed="0.000434"/>
</kw>
<kw name="Exit For Loop If" owner="BuiltIn">
<arg>'${var}'=='Estonia'</arg>
<doc>Stops executing the enclosing FOR loop if the ``condition`` is true.</doc>
<status status="PASS" start="2025-02-26T09:49:34.156256" elapsed="0.000636"/>
</kw>
<kw name="Exit For Loop If" owner="BuiltIn">
<arg>'${var}'=='Tunisia'</arg>
<doc>Stops executing the enclosing FOR loop if the ``condition`` is true.</doc>
<status status="PASS" start="2025-02-26T09:49:34.157064" elapsed="0.000353"/>
</kw>
<kw name="Sleep" owner="BuiltIn">
<msg time="2025-02-26T09:49:36.158104" level="INFO">Slept 2 seconds.</msg>
<arg>2s</arg>
<doc>Pauses the test executed for the given time.</doc>
<status status="PASS" start="2025-02-26T09:49:34.157587" elapsed="2.000960"/>
</kw>
<var name="${i}">4</var>
<status status="PASS" start="2025-02-26T09:49:32.982065" elapsed="3.176728"/>
</iter>
<var>${i}</var>
<value>5</value>
<status status="PASS" start="2025-02-26T09:49:15.230159" elapsed="20.928765"/>
</for>
<kw name="Delete All Sessions" owner="RequestsLibrary">
<msg time="2025-02-26T09:49:36.160000" level="INFO">Deleting All Sessions</msg>
<doc>Removes all the session objects</doc>
<status status="PASS" start="2025-02-26T09:49:36.159576" elapsed="0.000747"/>
</kw>
<if>
<branch type="IF" condition="'${var}'=='Brazil'">
<kw name="Log To Console" owner="BuiltIn">
<arg>Estamos no Brazil</arg>
<doc>Logs the given message to the console.</doc>
<status status="NOT RUN" start="2025-02-26T09:49:36.162204" elapsed="0.000229"/>
</kw>
<status status="NOT RUN" start="2025-02-26T09:49:36.161446" elapsed="0.001171"/>
</branch>
<branch type="ELSE">
<kw name="Log To Console" owner="BuiltIn">
<arg>Não veio o resultado esperado</arg>
<doc>Logs the given message to the console.</doc>
<status status="PASS" start="2025-02-26T09:49:36.163018" elapsed="0.000456"/>
</kw>
<kw name="Fail" owner="BuiltIn">
<msg time="2025-02-26T09:49:36.164382" level="FAIL">AssertionError</msg>
<doc>Fails the test with the given message and optionally alters its tags.</doc>
<status status="FAIL" start="2025-02-26T09:49:36.163857" elapsed="0.001068">AssertionError</status>
</kw>
<status status="FAIL" start="2025-02-26T09:49:36.162739" elapsed="0.002526">AssertionError</status>
</branch>
<status status="FAIL" start="2025-02-26T09:49:36.161323" elapsed="0.004107">AssertionError</status>
</if>
<kw name="Log To Console" owner="BuiltIn">
<arg>Sai do loop com esse pais -&gt; ${var}</arg>
<doc>Logs the given message to the console.</doc>
<status status="NOT RUN" start="2025-02-26T09:49:36.165801" elapsed="0.000237"/>
</kw>
<status status="FAIL" start="2025-02-26T09:49:15.228479" elapsed="20.938385">AssertionError</status>
</test>
<status status="FAIL" start="2025-02-26T09:49:15.169963" elapsed="20.998754"/>
</suite>
<status status="FAIL" start="2025-02-26T09:49:15.159646" elapsed="21.010451"/>
</suite>
<statistics>
<total>
<stat pass="0" fail="1" skip="0">All Tests</stat>
</total>
<tag>
</tag>
<suite>
<stat name="Aprendendo Robot" id="s1" pass="0" fail="1" skip="0">Aprendendo Robot</stat>
<stat name="Get Faker Api" id="s1-s1" pass="0" fail="1" skip="0">Aprendendo Robot.Get Faker Api</stat>
</suite>
</statistics>
<errors>
</errors>
</robot>
